2025-04-09 15:43:49.830548 - Received CBT.V508.FILE083.PDS from FILE083.XMI 
2025-04-09 15:43:49.846553 - Found $$$$CBT.txt (text/plain) in CBT.V508.FILE083.PDS, moved to PDS/$$$$CBT
2025-04-09 15:43:49.847195 - Found $$$#DATE.txt (text/plain) in CBT.V508.FILE083.PDS, moved to PDS/$$$#DATE
2025-04-09 15:43:49.847851 - Found $$$READ.txt (text/plain) in CBT.V508.FILE083.PDS, moved to PDS/$$$READ
2025-04-09 15:43:49.848413 - Found $$INDEX.txt (text/plain) in CBT.V508.FILE083.PDS, moved to PDS/$$INDEX
2025-04-09 15:43:49.848973 - Found $ASM.jcl (text/plain) in CBT.V508.FILE083.PDS, moved to PDS/$ASM
2025-04-09 15:43:49.849521 - Found $ASM1.jcl (text/plain) in CBT.V508.FILE083.PDS, moved to PDS/$ASM1
2025-04-09 15:43:49.850097 - Found $DOC370.txt (text/plain) in CBT.V508.FILE083.PDS, moved to PDS/$DOC370
2025-04-09 15:43:49.850714 - Found $DOC390.txt (text/plain) in CBT.V508.FILE083.PDS, moved to PDS/$DOC390
2025-04-09 15:43:49.851286 - Found $IN370.jcl (text/plain) in CBT.V508.FILE083.PDS, moved to PDS/$IN370
2025-04-09 15:43:49.851871 - Found $IN390.jcl (text/plain) in CBT.V508.FILE083.PDS, moved to PDS/$IN390
2025-04-09 15:43:49.852410 - Found $IN390A.jcl (text/plain) in CBT.V508.FILE083.PDS, moved to PDS/$IN390A
2025-04-09 15:43:49.853086 - Found $LOADLIB.xmi (application/xmit) in CBT.V508.FILE083.PDS, moved to PDS/$LOADLIB.xmi
2025-04-09 15:43:49.868504 - Received SBGOLOB.IEHMAP.LOADLIB from $LOADLIB.xmi 
2025-04-09 15:43:49.869845 - Found IEHMAP.bin (application/octet-stream) in SBGOLOB.IEHMAP.LOADLIB, moved to $LOADLIB/IEHMAP
2025-04-09 15:43:49.870485 - Found IEHMAPIN.bin (application/octet-stream) in SBGOLOB.IEHMAP.LOADLIB, moved to $LOADLIB/IEHMAPIN
2025-04-09 15:43:49.871450 - Found $MAPDOC.txt (text/plain) in CBT.V508.FILE083.PDS, moved to PDS/$MAPDOC
2025-04-09 15:43:49.872057 - Found $RUN.jcl (text/plain) in CBT.V508.FILE083.PDS, moved to PDS/$RUN
2025-04-09 15:43:49.872679 - Found $RUN1.jcl (text/plain) in CBT.V508.FILE083.PDS, moved to PDS/$RUN1
2025-04-09 15:43:49.873261 - Found @FILE083.txt (text/plain) in CBT.V508.FILE083.PDS, moved to PDS/@FILE083
2025-04-09 15:43:49.873850 - Found CATDEV.txt (text/plain) in CBT.V508.FILE083.PDS, moved to PDS/CATDEV
2025-04-09 15:43:49.874444 - Found EXTREFS.txt (text/plain) in CBT.V508.FILE083.PDS, moved to PDS/EXTREFS
2025-04-09 15:43:49.875161 - Found ICFCAT.txt (text/plain) in CBT.V508.FILE083.PDS, moved to PDS/ICFCAT
2025-04-09 15:43:49.875816 - Found IEHMAP.txt (text/plain) in CBT.V508.FILE083.PDS, moved to PDS/IEHMAP
2025-04-09 15:43:49.876441 - Found IEHMAPCT.txt (text/plain) in CBT.V508.FILE083.PDS, moved to PDS/IEHMAPCT
2025-04-09 15:43:49.876989 - Found IEHMAPIN.txt (text/plain) in CBT.V508.FILE083.PDS, moved to PDS/IEHMAPIN
2025-04-09 15:43:49.877545 - Found MAPCATI.txt (text/plain) in CBT.V508.FILE083.PDS, moved to PDS/MAPCATI
2025-04-09 15:43:49.878180 - Found MAPCAT2.txt (text/plain) in CBT.V508.FILE083.PDS, moved to PDS/MAPCAT2
2025-04-09 15:43:49.878801 - Found MAPCAT3.txt (text/plain) in CBT.V508.FILE083.PDS, moved to PDS/MAPCAT3
2025-04-09 15:43:49.879382 - Found MAPDEV.txt (text/plain) in CBT.V508.FILE083.PDS, moved to PDS/MAPDEV
2025-04-09 15:43:49.880035 - Found MAPGRES.txt (text/plain) in CBT.V508.FILE083.PDS, moved to PDS/MAPGRES
2025-04-09 15:43:49.880631 - Found MAPGRESO.txt (text/plain) in CBT.V508.FILE083.PDS, moved to PDS/MAPGRESO
2025-04-09 15:43:49.881279 - Found MAPINIT.txt (text/plain) in CBT.V508.FILE083.PDS, moved to PDS/MAPINIT
2025-04-09 15:43:49.881804 - Found MAPINITA.txt (text/plain) in CBT.V508.FILE083.PDS, moved to PDS/MAPINITA
2025-04-09 15:43:49.882406 - Found MAPSPACE.txt (text/plain) in CBT.V508.FILE083.PDS, moved to PDS/MAPSPACE
2025-04-09 15:43:49.882949 - Found MAPTRACK.txt (text/plain) in CBT.V508.FILE083.PDS, moved to PDS/MAPTRACK
2025-04-09 15:43:49.883537 - Found MAPVMSG.txt (text/plain) in CBT.V508.FILE083.PDS, moved to PDS/MAPVMSG
2025-04-09 15:43:49.884253 - Found OBJMAP.bin (application/octet-stream) in CBT.V508.FILE083.PDS, moved to PDS/OBJMAP
2025-04-09 15:43:49.884808 - Found OBJMAPIN.bin (application/octet-stream) in CBT.V508.FILE083.PDS, moved to PDS/OBJMAPIN
2025-04-09 15:43:49.885365 - Found REQU.txt (text/plain) in CBT.V508.FILE083.PDS, moved to PDS/REQU
2025-04-09 15:43:49.886212 - Found SRCMAP.txt (text/plain) in CBT.V508.FILE083.PDS, moved to PDS/SRCMAP
2025-04-09 15:43:49.886936 - Found SRCMAPIN.txt (text/plain) in CBT.V508.FILE083.PDS, moved to PDS/SRCMAPIN
2025-04-09 15:43:49.887589 - Found WORKAREA.txt (text/plain) in CBT.V508.FILE083.PDS, moved to PDS/WORKAREA
2025-04-09 15:43:49.888148 - Found ZAPEDIT.txt (text/plain) in CBT.V508.FILE083.PDS, moved to PDS/ZAPEDIT
2025-04-09 15:43:49.888778 - Found ZAPKEY.txt (text/plain) in CBT.V508.FILE083.PDS, moved to PDS/ZAPKEY
2025-04-09 15:43:49.889287 - Found ZAP1.txt (text/plain) in CBT.V508.FILE083.PDS, moved to PDS/ZAP1
2025-04-09 15:43:49.890041 - Found ZAP10.txt (text/plain) in CBT.V508.FILE083.PDS, moved to PDS/ZAP10
2025-04-09 15:43:49.890627 - Found ZAP11.txt (text/plain) in CBT.V508.FILE083.PDS, moved to PDS/ZAP11
2025-04-09 15:43:49.891164 - Found ZAP12.txt (text/plain) in CBT.V508.FILE083.PDS, moved to PDS/ZAP12
2025-04-09 15:43:49.891716 - Found ZAP13.txt (text/plain) in CBT.V508.FILE083.PDS, moved to PDS/ZAP13
2025-04-09 15:43:49.892272 - Found ZAP2.txt (text/plain) in CBT.V508.FILE083.PDS, moved to PDS/ZAP2
2025-04-09 15:43:49.892823 - Found ZAP3.txt (text/plain) in CBT.V508.FILE083.PDS, moved to PDS/ZAP3
2025-04-09 15:43:49.893392 - Found ZAP4.txt (text/plain) in CBT.V508.FILE083.PDS, moved to PDS/ZAP4
2025-04-09 15:43:49.893995 - Found ZAP5.txt (text/plain) in CBT.V508.FILE083.PDS, moved to PDS/ZAP5
2025-04-09 15:43:49.894651 - Found ZAP6.txt (text/plain) in CBT.V508.FILE083.PDS, moved to PDS/ZAP6
2025-04-09 15:43:49.895185 - Found ZAP7.txt (text/plain) in CBT.V508.FILE083.PDS, moved to PDS/ZAP7
2025-04-09 15:43:49.895698 - Found ZAP8.txt (text/plain) in CBT.V508.FILE083.PDS, moved to PDS/ZAP8
2025-04-09 15:43:49.896278 - Found ZAP9.txt (text/plain) in CBT.V508.FILE083.PDS, moved to PDS/ZAP9
